Flow report for cam_proj
Sun Nov 28 20:57:56 2021
Quartus Prime Version 20.1.0 Build 711 06/05/2020 SJ Lite Edition


---------------------
; Table of Contents ;
---------------------
  1. Legal Notice
  2. Flow Summary
  3. Flow Settings
  4. Flow Non-Default Global Settings
  5. Flow Elapsed Time
  6. Flow OS Summary
  7. Flow Log
  8. Flow Messages
  9. Flow Suppressed Messages



----------------
; Legal Notice ;
----------------
Copyright (C) 2020  Intel Corporation. All rights reserved.
Your use of Intel Corporation's design tools, logic functions 
and other software and tools, and any partner logic 
functions, and any output files from any of the foregoing 
(including device programming or simulation files), and any 
associated documentation or information are expressly subject 
to the terms and conditions of the Intel Program License 
Subscription Agreement, the Intel Quartus Prime License Agreement,
the Intel FPGA IP License Agreement, or other applicable license
agreement, including, without limitation, that your use is for
the sole purpose of programming logic devices manufactured by
Intel and sold by Intel or its authorized distributors.  Please
refer to the applicable agreement for further details, at
https://fpgasoftware.intel.com/eula.



+----------------------------------------------------------------------------------+
; Flow Summary                                                                     ;
+------------------------------------+---------------------------------------------+
; Flow Status                        ; Successful - Sun Nov 28 20:57:56 2021       ;
; Quartus Prime Version              ; 20.1.0 Build 711 06/05/2020 SJ Lite Edition ;
; Revision Name                      ; cam_proj                                    ;
; Top-level Entity Name              ; cam_proj_top                                ;
; Family                             ; Cyclone IV E                                ;
; Device                             ; EP4CE22F17C6                                ;
; Timing Models                      ; Final                                       ;
; Total logic elements               ; 6,051 / 22,320 ( 27 % )                     ;
;     Total combinational functions  ; 5,591 / 22,320 ( 25 % )                     ;
;     Dedicated logic registers      ; 2,427 / 22,320 ( 11 % )                     ;
; Total registers                    ; 2427                                        ;
; Total pins                         ; 87 / 154 ( 56 % )                           ;
; Total virtual pins                 ; 0                                           ;
; Total memory bits                  ; 367,279 / 608,256 ( 60 % )                  ;
; Embedded Multiplier 9-bit elements ; 25 / 132 ( 19 % )                           ;
; Total PLLs                         ; 2 / 4 ( 50 % )                              ;
+------------------------------------+---------------------------------------------+


+-----------------------------------------+
; Flow Settings                           ;
+-------------------+---------------------+
; Option            ; Setting             ;
+-------------------+---------------------+
; Start date & time ; 11/28/2021 20:56:39 ;
; Main task         ; Compilation         ;
; Revision Name     ; cam_proj            ;
+-------------------+---------------------+


+------------------------------------------------------------------------------------------------------------------------------+
; Flow Non-Default Global Settings                                                                                             ;
+-------------------------------------+----------------------------------------+---------------+--------------+----------------+
; Assignment Name                     ; Value                                  ; Default Value ; Entity Name  ; Section Id     ;
+-------------------------------------+----------------------------------------+---------------+--------------+----------------+
; COMPILER_SIGNATURE_ID               ; 49410874775474.163812219912295         ; --            ; --           ; --             ;
; EDA_OUTPUT_DATA_FORMAT              ; Verilog Hdl                            ; --            ; --           ; eda_simulation ;
; EDA_SIMULATION_TOOL                 ; ModelSim (Verilog)                     ; <None>        ; --           ; --             ;
; EDA_TIME_SCALE                      ; 1 ps                                   ; --            ; --           ; eda_simulation ;
; ENABLE_SIGNALTAP                    ; Off                                    ; --            ; --           ; --             ;
; MAX_CORE_JUNCTION_TEMP              ; 85                                     ; --            ; --           ; --             ;
; MIN_CORE_JUNCTION_TEMP              ; 0                                      ; --            ; --           ; --             ;
; MISC_FILE                           ; pll_bb.v                               ; --            ; --           ; --             ;
; MISC_FILE                           ; pll.ppf                                ; --            ; --           ; --             ;
; MISC_FILE                           ; pll_for_disp_bb.v                      ; --            ; --           ; --             ;
; MISC_FILE                           ; pll_for_disp.ppf                       ; --            ; --           ; --             ;
; MISC_FILE                           ; fifo_big_bb.v                          ; --            ; --           ; --             ;
; PARTITION_COLOR                     ; -- (Not supported for targeted family) ; --            ; cam_proj_top ; Top            ;
; PARTITION_FITTER_PRESERVATION_LEVEL ; -- (Not supported for targeted family) ; --            ; cam_proj_top ; Top            ;
; PARTITION_NETLIST_TYPE              ; -- (Not supported for targeted family) ; --            ; cam_proj_top ; Top            ;
; POWER_BOARD_THERMAL_MODEL           ; None (CONSERVATIVE)                    ; --            ; --           ; --             ;
; POWER_PRESET_COOLING_SOLUTION       ; 23 MM HEAT SINK WITH 200 LFPM AIRFLOW  ; --            ; --           ; --             ;
; PROJECT_OUTPUT_DIRECTORY            ; output_files                           ; --            ; --           ; --             ;
; TOP_LEVEL_ENTITY                    ; cam_proj_top                           ; cam_proj      ; --           ; --             ;
; USE_SIGNALTAP_FILE                  ; output_files/stp1.stp                  ; --            ; --           ; --             ;
; VERILOG_INPUT_VERSION               ; SystemVerilog_2005                     ; Verilog_2001  ; --           ; --             ;
; VERILOG_MACRO                       ; nornal=1                               ; --            ; --           ; --             ;
; VERILOG_SHOW_LMF_MAPPING_MESSAGES   ; Off                                    ; --            ; --           ; --             ;
+-------------------------------------+----------------------------------------+---------------+--------------+----------------+


+--------------------------------------------------------------------------------------------------------------------------+
; Flow Elapsed Time                                                                                                        ;
+----------------------+--------------+-------------------------+---------------------+------------------------------------+
; Module Name          ; Elapsed Time ; Average Processors Used ; Peak Virtual Memory ; Total CPU Time (on all processors) ;
+----------------------+--------------+-------------------------+---------------------+------------------------------------+
; Analysis & Synthesis ; 00:00:31     ; 1.0                     ; 550 MB              ; 00:00:37                           ;
; Fitter               ; 00:00:28     ; 1.5                     ; 2057 MB             ; 00:01:21                           ;
; Assembler            ; 00:00:02     ; 1.0                     ; 372 MB              ; 00:00:01                           ;
; Timing Analyzer      ; 00:00:05     ; 1.7                     ; 702 MB              ; 00:00:06                           ;
; EDA Netlist Writer   ; 00:00:05     ; 1.0                     ; 674 MB              ; 00:00:05                           ;
; Total                ; 00:01:11     ; --                      ; --                  ; 00:02:10                           ;
+----------------------+--------------+-------------------------+---------------------+------------------------------------+


+------------------------------------------------------------------------------------+
; Flow OS Summary                                                                    ;
+----------------------+------------------+------------+------------+----------------+
; Module Name          ; Machine Hostname ; OS Name    ; OS Version ; Processor type ;
+----------------------+------------------+------------+------------+----------------+
; Analysis & Synthesis ; rat              ; Arch Linux ; Arch Linux ; x86_64         ;
; Fitter               ; rat              ; Arch Linux ; Arch Linux ; x86_64         ;
; Assembler            ; rat              ; Arch Linux ; Arch Linux ; x86_64         ;
; Timing Analyzer      ; rat              ; Arch Linux ; Arch Linux ; x86_64         ;
; EDA Netlist Writer   ; rat              ; Arch Linux ; Arch Linux ; x86_64         ;
+----------------------+------------------+------------+------------+----------------+


------------
; Flow Log ;
------------
quartus_map --read_settings_files=on --write_settings_files=off cam_proj -c cam_proj
quartus_fit --read_settings_files=off --write_settings_files=off cam_proj -c cam_proj
quartus_asm --read_settings_files=off --write_settings_files=off cam_proj -c cam_proj
quartus_sta cam_proj -c cam_proj
quartus_eda --read_settings_files=off --write_settings_files=off cam_proj -c cam_proj



